15-Jul-2020 21:23:35.645 INFO [main] org.apache.catalina.startup.VersionLoggerListener.log Server version name:   Apache Tomcat/9.0.29
15-Jul-2020 21:23:35.649 INFO [main] org.apache.catalina.startup.VersionLoggerListener.log Server built:          Nov 16 2019 17:29:07 UTC
15-Jul-2020 21:23:35.649 INFO [main] org.apache.catalina.startup.VersionLoggerListener.log Server version number: 9.0.29.0
15-Jul-2020 21:23:35.649 INFO [main] org.apache.catalina.startup.VersionLoggerListener.log OS Name:               Windows 10
15-Jul-2020 21:23:35.649 INFO [main] org.apache.catalina.startup.VersionLoggerListener.log OS Version:            10.0
15-Jul-2020 21:23:35.649 INFO [main] org.apache.catalina.startup.VersionLoggerListener.log Architecture:          amd64
15-Jul-2020 21:23:35.649 INFO [main] org.apache.catalina.startup.VersionLoggerListener.log Java Home:             C:\Program Files\Java\jdk1.8.0_241\jre
15-Jul-2020 21:23:35.649 INFO [main] org.apache.catalina.startup.VersionLoggerListener.log JVM Version:           1.8.0_241-b07
15-Jul-2020 21:23:35.649 INFO [main] org.apache.catalina.startup.VersionLoggerListener.log JVM Vendor:            Oracle Corporation
15-Jul-2020 21:23:35.649 INFO [main] org.apache.catalina.startup.VersionLoggerListener.log CATALINA_BASE:         C:\Users\ashwapan\Downloads\devops\apache-tomcat-9.0.29
15-Jul-2020 21:23:35.649 INFO [main] org.apache.catalina.startup.VersionLoggerListener.log CATALINA_HOME:         C:\Users\ashwapan\Downloads\devops\apache-tomcat-9.0.29
15-Jul-2020 21:23:35.655 INFO [main] org.apache.catalina.startup.VersionLoggerListener.log Command line argument: -Djava.util.logging.config.file=C:/Users/ashwapan/Downloads/devops/apache-tomcat-9.0.29/conf/logging.properties
15-Jul-2020 21:23:35.655 INFO [main] org.apache.catalina.startup.VersionLoggerListener.log Command line argument: -Djava.util.logging.manager=org.apache.juli.ClassLoaderLogManager
15-Jul-2020 21:23:35.655 INFO [main] org.apache.catalina.startup.VersionLoggerListener.log Command line argument: -Djdk.tls.ephemeralDHKeySize=2048
15-Jul-2020 21:23:35.655 INFO [main] org.apache.catalina.startup.VersionLoggerListener.log Command line argument: -Djava.protocol.handler.pkgs=org.apache.catalina.webresources
15-Jul-2020 21:23:35.655 INFO [main] org.apache.catalina.startup.VersionLoggerListener.log Command line argument: -Dorg.apache.catalina.security.SecurityListener.UMASK=0027
15-Jul-2020 21:23:35.655 INFO [main] org.apache.catalina.startup.VersionLoggerListener.log Command line argument: -Dignore.endorsed.dirs=
15-Jul-2020 21:23:35.656 INFO [main] org.apache.catalina.startup.VersionLoggerListener.log Command line argument: -Dcatalina.base=C:/Users/ashwapan/Downloads/devops/apache-tomcat-9.0.29
15-Jul-2020 21:23:35.656 INFO [main] org.apache.catalina.startup.VersionLoggerListener.log Command line argument: -Dcatalina.home=C:/Users/ashwapan/Downloads/devops/apache-tomcat-9.0.29
15-Jul-2020 21:23:35.656 INFO [main] org.apache.catalina.startup.VersionLoggerListener.log Command line argument: -Djava.io.tmpdir=C:/Users/ashwapan/Downloads/devops/apache-tomcat-9.0.29/temp
15-Jul-2020 21:23:35.656 INFO [main] org.apache.catalina.core.AprLifecycleListener.lifecycleEvent Loaded APR based Apache Tomcat Native library [1.2.23] using APR version [1.7.0].
15-Jul-2020 21:23:35.656 INFO [main] org.apache.catalina.core.AprLifecycleListener.lifecycleEvent APR capabilities: IPv6 [true], sendfile [true], accept filters [false], random [true].
15-Jul-2020 21:23:35.656 INFO [main] org.apache.catalina.core.AprLifecycleListener.lifecycleEvent APR/OpenSSL configuration: useAprConnector [false], useOpenSSL [true]
15-Jul-2020 21:23:35.671 INFO [main] org.apache.catalina.core.AprLifecycleListener.initializeSSL OpenSSL successfully initialized [OpenSSL 1.1.1c  28 May 2019]
15-Jul-2020 21:23:35.990 INFO [main] org.apache.coyote.AbstractProtocol.init Initializing ProtocolHandler ["http-nio-7070"]
15-Jul-2020 21:23:36.304 INFO [main] org.apache.coyote.AbstractProtocol.init Initializing ProtocolHandler ["ajp-nio-8009"]
15-Jul-2020 21:23:36.307 INFO [main] org.apache.catalina.startup.Catalina.load Server initialization in [890] milliseconds
15-Jul-2020 21:23:36.339 INFO [main] org.apache.catalina.core.StandardService.startInternal Starting service [Catalina]
15-Jul-2020 21:23:36.339 INFO [main] org.apache.catalina.core.StandardEngine.startInternal Starting Servlet engine: [Apache Tomcat/9.0.29]
15-Jul-2020 21:23:36.369 INFO [main] org.apache.catalina.startup.HostConfig.deployWAR Deploying web application archive [C:\Users\ashwapan\Downloads\devops\apache-tomcat-9.0.29\webapps\devops.war]
15-Jul-2020 21:23:52.494 INFO [main] org.apache.catalina.startup.HostConfig.deployWAR Deployment of web application archive [C:\Users\ashwapan\Downloads\devops\apache-tomcat-9.0.29\webapps\devops.war] has finished in [16,124] ms
15-Jul-2020 21:23:52.508 INFO [main] org.apache.catalina.startup.HostConfig.deployWAR Deploying web application archive [C:\Users\ashwapan\Downloads\devops\apache-tomcat-9.0.29\webapps\MyApp2-2.2.4-SNAPSHOT.war]
15-Jul-2020 21:23:57.064 INFO [main] org.apache.jasper.servlet.TldScanner.scanJars At least one JAR was scanned for TLDs yet contained no TLDs. Enable debug logging for this logger for a complete list of JARs that were scanned but no TLDs were found in them. Skipping unneeded JARs during scanning can improve startup time and JSP compilation time.
15-Jul-2020 21:23:57.073 INFO [main] org.apache.catalina.startup.HostConfig.deployWAR Deployment of web application archive [C:\Users\ashwapan\Downloads\devops\apache-tomcat-9.0.29\webapps\MyApp2-2.2.4-SNAPSHOT.war] has finished in [4,564] ms
15-Jul-2020 21:23:57.077 INFO [main] org.apache.catalina.startup.HostConfig.deployWAR Deploying web application archive [C:\Users\ashwapan\Downloads\devops\apache-tomcat-9.0.29\webapps\myapp2.war]
15-Jul-2020 21:24:05.150 INFO [main] org.apache.jasper.servlet.TldScanner.scanJars At least one JAR was scanned for TLDs yet contained no TLDs. Enable debug logging for this logger for a complete list of JARs that were scanned but no TLDs were found in them. Skipping unneeded JARs during scanning can improve startup time and JSP compilation time.
15-Jul-2020 21:24:05.172 INFO [main] org.apache.catalina.startup.HostConfig.deployWAR Deployment of web application archive [C:\Users\ashwapan\Downloads\devops\apache-tomcat-9.0.29\webapps\myapp2.war] has finished in [8,095] ms
15-Jul-2020 21:24:05.176 INFO [main] org.apache.catalina.startup.HostConfig.deployWAR Deploying web application archive [C:\Users\ashwapan\Downloads\devops\apache-tomcat-9.0.29\webapps\petclinic.war]
15-Jul-2020 21:24:12.138 INFO [main] org.apache.jasper.servlet.TldScanner.scanJars At least one JAR was scanned for TLDs yet contained no TLDs. Enable debug logging for this logger for a complete list of JARs that were scanned but no TLDs were found in them. Skipping unneeded JARs during scanning can improve startup time and JSP compilation time.
15-Jul-2020 21:24:27.763 INFO [main] org.apache.catalina.startup.HostConfig.deployWAR Deployment of web application archive [C:\Users\ashwapan\Downloads\devops\apache-tomcat-9.0.29\webapps\petclinic.war] has finished in [22,587] ms
15-Jul-2020 21:24:27.769 INFO [main] org.apache.catalina.startup.HostConfig.deployWAR Deploying web application archive [C:\Users\ashwapan\Downloads\devops\apache-tomcat-9.0.29\webapps\players.war]
15-Jul-2020 21:24:30.547 INFO [main] org.apache.jasper.servlet.TldScanner.scanJars At least one JAR was scanned for TLDs yet contained no TLDs. Enable debug logging for this logger for a complete list of JARs that were scanned but no TLDs were found in them. Skipping unneeded JARs during scanning can improve startup time and JSP compilation time.
15-Jul-2020 21:24:30.554 INFO [main] org.apache.catalina.startup.HostConfig.deployWAR Deployment of web application archive [C:\Users\ashwapan\Downloads\devops\apache-tomcat-9.0.29\webapps\players.war] has finished in [2,785] ms
15-Jul-2020 21:24:30.566 INFO [main] org.apache.catalina.startup.HostConfig.deployWAR Deploying web application archive [C:\Users\ashwapan\Downloads\devops\apache-tomcat-9.0.29\webapps\spring-petclinic-2.3.1.BUILD-SNAPSHOT.war]
15-Jul-2020 21:24:30.576 SEVERE [main] org.apache.catalina.startup.ContextConfig.beforeStart Exception fixing docBase for context [/spring-petclinic-2.3.1.BUILD-SNAPSHOT]
	java.util.zip.ZipException: error in opening zip file
		at java.util.zip.ZipFile.open(Native Method)
		at java.util.zip.ZipFile.<init>(ZipFile.java:225)
		at java.util.zip.ZipFile.<init>(ZipFile.java:155)
		at java.util.jar.JarFile.<init>(JarFile.java:166)
		at java.util.jar.JarFile.<init>(JarFile.java:103)
		at sun.net.www.protocol.jar.URLJarFile.<init>(URLJarFile.java:93)
		at sun.net.www.protocol.jar.URLJarFile.getJarFile(URLJarFile.java:69)
		at sun.net.www.protocol.jar.JarFileFactory.get(JarFileFactory.java:109)
		at sun.net.www.protocol.jar.JarURLConnection.connect(JarURLConnection.java:122)
		at sun.net.www.protocol.jar.JarURLConnection.getJarFile(JarURLConnection.java:89)
		at org.apache.catalina.startup.ExpandWar.expand(ExpandWar.java:130)
		at org.apache.catalina.startup.ContextConfig.fixDocBase(ContextConfig.java:615)
		at org.apache.catalina.startup.ContextConfig.beforeStart(ContextConfig.java:747)
		at org.apache.catalina.startup.ContextConfig.lifecycleEvent(ContextConfig.java:303)
		at org.apache.catalina.util.LifecycleBase.fireLifecycleEvent(LifecycleBase.java:123)
		at org.apache.catalina.util.LifecycleBase.setStateInternal(LifecycleBase.java:423)
		at org.apache.catalina.util.LifecycleBase.start(LifecycleBase.java:182)
		at org.apache.catalina.core.ContainerBase.addChildInternal(ContainerBase.java:717)
		at org.apache.catalina.core.ContainerBase.addChild(ContainerBase.java:690)
		at org.apache.catalina.core.StandardHost.addChild(StandardHost.java:705)
		at org.apache.catalina.startup.HostConfig.deployWAR(HostConfig.java:978)
		at org.apache.catalina.startup.HostConfig$DeployWar.run(HostConfig.java:1849)
		at java.util.concurrent.Executors$RunnableAdapter.call(Executors.java:511)
		at java.util.concurrent.FutureTask.run(FutureTask.java:266)
		at org.apache.tomcat.util.threads.InlineExecutorService.execute(InlineExecutorService.java:75)
		at java.util.concurrent.AbstractExecutorService.submit(AbstractExecutorService.java:112)
		at org.apache.catalina.startup.HostConfig.deployWARs(HostConfig.java:773)
		at org.apache.catalina.startup.HostConfig.deployApps(HostConfig.java:427)
		at org.apache.catalina.startup.HostConfig.start(HostConfig.java:1576)
		at org.apache.catalina.startup.HostConfig.lifecycleEvent(HostConfig.java:309)
		at org.apache.catalina.util.LifecycleBase.fireLifecycleEvent(LifecycleBase.java:123)
		at org.apache.catalina.util.LifecycleBase.setStateInternal(LifecycleBase.java:423)
		at org.apache.catalina.util.LifecycleBase.setState(LifecycleBase.java:366)
		at org.apache.catalina.core.ContainerBase.startInternal(ContainerBase.java:936)
		at org.apache.catalina.core.StandardHost.startInternal(StandardHost.java:841)
		at org.apache.catalina.util.LifecycleBase.start(LifecycleBase.java:183)
		at org.apache.catalina.core.ContainerBase$StartChild.call(ContainerBase.java:1384)
		at org.apache.catalina.core.ContainerBase$StartChild.call(ContainerBase.java:1374)
		at java.util.concurrent.FutureTask.run(FutureTask.java:266)
		at org.apache.tomcat.util.threads.InlineExecutorService.execute(InlineExecutorService.java:75)
		at java.util.concurrent.AbstractExecutorService.submit(AbstractExecutorService.java:134)
		at org.apache.catalina.core.ContainerBase.startInternal(ContainerBase.java:909)
		at org.apache.catalina.core.StandardEngine.startInternal(StandardEngine.java:262)
		at org.apache.catalina.util.LifecycleBase.start(LifecycleBase.java:183)
		at org.apache.catalina.core.StandardService.startInternal(StandardService.java:421)
		at org.apache.catalina.util.LifecycleBase.start(LifecycleBase.java:183)
		at org.apache.catalina.core.StandardServer.startInternal(StandardServer.java:930)
		at org.apache.catalina.util.LifecycleBase.start(LifecycleBase.java:183)
		at org.apache.catalina.startup.Catalina.start(Catalina.java:633)
		at sun.reflect.NativeMethodAccessorImpl.invoke0(Native Method)
		at sun.reflect.NativeMethodAccessorImpl.invoke(NativeMethodAccessorImpl.java:62)
		at sun.reflect.DelegatingMethodAccessorImpl.invoke(DelegatingMethodAccessorImpl.java:43)
		at java.lang.reflect.Method.invoke(Method.java:498)
		at org.apache.catalina.startup.Bootstrap.start(Bootstrap.java:343)
		at org.apache.catalina.startup.Bootstrap.main(Bootstrap.java:474)
15-Jul-2020 21:24:30.584 SEVERE [main] org.apache.catalina.startup.HostConfig.deployWAR Error deploying web application archive [C:\Users\ashwapan\Downloads\devops\apache-tomcat-9.0.29\webapps\spring-petclinic-2.3.1.BUILD-SNAPSHOT.war]
	java.lang.IllegalStateException: Error starting child
		at org.apache.catalina.core.ContainerBase.addChildInternal(ContainerBase.java:720)
		at org.apache.catalina.core.ContainerBase.addChild(ContainerBase.java:690)
		at org.apache.catalina.core.StandardHost.addChild(StandardHost.java:705)
		at org.apache.catalina.startup.HostConfig.deployWAR(HostConfig.java:978)
		at org.apache.catalina.startup.HostConfig$DeployWar.run(HostConfig.java:1849)
		at java.util.concurrent.Executors$RunnableAdapter.call(Executors.java:511)
		at java.util.concurrent.FutureTask.run(FutureTask.java:266)
		at org.apache.tomcat.util.threads.InlineExecutorService.execute(InlineExecutorService.java:75)
		at java.util.concurrent.AbstractExecutorService.submit(AbstractExecutorService.java:112)
		at org.apache.catalina.startup.HostConfig.deployWARs(HostConfig.java:773)
		at org.apache.catalina.startup.HostConfig.deployApps(HostConfig.java:427)
		at org.apache.catalina.startup.HostConfig.start(HostConfig.java:1576)
		at org.apache.catalina.startup.HostConfig.lifecycleEvent(HostConfig.java:309)
		at org.apache.catalina.util.LifecycleBase.fireLifecycleEvent(LifecycleBase.java:123)
		at org.apache.catalina.util.LifecycleBase.setStateInternal(LifecycleBase.java:423)
		at org.apache.catalina.util.LifecycleBase.setState(LifecycleBase.java:366)
		at org.apache.catalina.core.ContainerBase.startInternal(ContainerBase.java:936)
		at org.apache.catalina.core.StandardHost.startInternal(StandardHost.java:841)
		at org.apache.catalina.util.LifecycleBase.start(LifecycleBase.java:183)
		at org.apache.catalina.core.ContainerBase$StartChild.call(ContainerBase.java:1384)
		at org.apache.catalina.core.ContainerBase$StartChild.call(ContainerBase.java:1374)
		at java.util.concurrent.FutureTask.run(FutureTask.java:266)
		at org.apache.tomcat.util.threads.InlineExecutorService.execute(InlineExecutorService.java:75)
		at java.util.concurrent.AbstractExecutorService.submit(AbstractExecutorService.java:134)
		at org.apache.catalina.core.ContainerBase.startInternal(ContainerBase.java:909)
		at org.apache.catalina.core.StandardEngine.startInternal(StandardEngine.java:262)
		at org.apache.catalina.util.LifecycleBase.start(LifecycleBase.java:183)
		at org.apache.catalina.core.StandardService.startInternal(StandardService.java:421)
		at org.apache.catalina.util.LifecycleBase.start(LifecycleBase.java:183)
		at org.apache.catalina.core.StandardServer.startInternal(StandardServer.java:930)
		at org.apache.catalina.util.LifecycleBase.start(LifecycleBase.java:183)
		at org.apache.catalina.startup.Catalina.start(Catalina.java:633)
		at sun.reflect.NativeMethodAccessorImpl.invoke0(Native Method)
		at sun.reflect.NativeMethodAccessorImpl.invoke(NativeMethodAccessorImpl.java:62)
		at sun.reflect.DelegatingMethodAccessorImpl.invoke(DelegatingMethodAccessorImpl.java:43)
		at java.lang.reflect.Method.invoke(Method.java:498)
		at org.apache.catalina.startup.Bootstrap.start(Bootstrap.java:343)
		at org.apache.catalina.startup.Bootstrap.main(Bootstrap.java:474)
	Caused by: org.apache.catalina.LifecycleException: Failed to initialize component [org.apache.catalina.webresources.WarResourceSet@2be9c73c]
		at org.apache.catalina.util.LifecycleBase.handleSubClassException(LifecycleBase.java:440)
		at org.apache.catalina.util.LifecycleBase.init(LifecycleBase.java:139)
		at org.apache.catalina.util.LifecycleBase.start(LifecycleBase.java:173)
		at org.apache.catalina.webresources.StandardRoot.startInternal(StandardRoot.java:717)
		at org.apache.catalina.util.LifecycleBase.start(LifecycleBase.java:183)
		at org.apache.catalina.core.StandardContext.resourcesStart(StandardContext.java:4800)
		at org.apache.catalina.core.StandardContext.startInternal(StandardContext.java:4935)
		at org.apache.catalina.util.LifecycleBase.start(LifecycleBase.java:183)
		at org.apache.catalina.core.ContainerBase.addChildInternal(ContainerBase.java:717)
		... 37 more
	Caused by: java.lang.IllegalArgumentException: java.util.zip.ZipException: error in opening zip file
		at org.apache.catalina.webresources.AbstractSingleArchiveResourceSet.initInternal(AbstractSingleArchiveResourceSet.java:143)
		at org.apache.catalina.util.LifecycleBase.init(LifecycleBase.java:136)
		... 44 more
	Caused by: java.util.zip.ZipException: error in opening zip file
		at java.util.zip.ZipFile.open(Native Method)
		at java.util.zip.ZipFile.<init>(ZipFile.java:225)
		at java.util.zip.ZipFile.<init>(ZipFile.java:155)
		at java.util.jar.JarFile.<init>(JarFile.java:166)
		at java.util.jar.JarFile.<init>(JarFile.java:130)
		at org.apache.tomcat.util.compat.JreCompat.jarFileNewInstance(JreCompat.java:177)
		at org.apache.tomcat.util.compat.JreCompat.jarFileNewInstance(JreCompat.java:162)
		at org.apache.catalina.webresources.AbstractSingleArchiveResourceSet.initInternal(AbstractSingleArchiveResourceSet.java:140)
		... 45 more
15-Jul-2020 21:24:30.588 INFO [main] org.apache.catalina.startup.HostConfig.deployWAR Deployment of web application archive [C:\Users\ashwapan\Downloads\devops\apache-tomcat-9.0.29\webapps\spring-petclinic-2.3.1.BUILD-SNAPSHOT.war] has finished in [22] ms
15-Jul-2020 21:24:30.589 INFO [main] org.apache.catalina.startup.HostConfig.deployDirectory Deploying web application directory [C:\Users\ashwapan\Downloads\devops\apache-tomcat-9.0.29\webapps\docs]
15-Jul-2020 21:24:30.629 INFO [main] org.apache.catalina.startup.HostConfig.deployDirectory Deployment of web application directory [C:\Users\ashwapan\Downloads\devops\apache-tomcat-9.0.29\webapps\docs] has finished in [40] ms
15-Jul-2020 21:24:30.629 INFO [main] org.apache.catalina.startup.HostConfig.deployDirectory Deploying web application directory [C:\Users\ashwapan\Downloads\devops\apache-tomcat-9.0.29\webapps\examples]
15-Jul-2020 21:24:31.323 INFO [main] org.apache.catalina.startup.HostConfig.deployDirectory Deployment of web application directory [C:\Users\ashwapan\Downloads\devops\apache-tomcat-9.0.29\webapps\examples] has finished in [694] ms
15-Jul-2020 21:24:31.324 INFO [main] org.apache.catalina.startup.HostConfig.deployDirectory Deploying web application directory [C:\Users\ashwapan\Downloads\devops\apache-tomcat-9.0.29\webapps\host-manager]
15-Jul-2020 21:24:31.436 INFO [main] org.apache.catalina.startup.HostConfig.deployDirectory Deployment of web application directory [C:\Users\ashwapan\Downloads\devops\apache-tomcat-9.0.29\webapps\host-manager] has finished in [112] ms
15-Jul-2020 21:24:31.437 INFO [main] org.apache.catalina.startup.HostConfig.deployDirectory Deploying web application directory [C:\Users\ashwapan\Downloads\devops\apache-tomcat-9.0.29\webapps\manager]
15-Jul-2020 21:24:31.513 INFO [main] org.apache.catalina.startup.HostConfig.deployDirectory Deployment of web application directory [C:\Users\ashwapan\Downloads\devops\apache-tomcat-9.0.29\webapps\manager] has finished in [76] ms
15-Jul-2020 21:24:31.514 INFO [main] org.apache.catalina.startup.HostConfig.deployDirectory Deploying web application directory [C:\Users\ashwapan\Downloads\devops\apache-tomcat-9.0.29\webapps\ROOT]
15-Jul-2020 21:24:31.574 INFO [main] org.apache.catalina.startup.HostConfig.deployDirectory Deployment of web application directory [C:\Users\ashwapan\Downloads\devops\apache-tomcat-9.0.29\webapps\ROOT] has finished in [60] ms
15-Jul-2020 21:24:31.582 INFO [main] org.apache.coyote.AbstractProtocol.start Starting ProtocolHandler ["http-nio-7070"]
15-Jul-2020 21:24:31.598 INFO [main] org.apache.coyote.AbstractProtocol.start Starting ProtocolHandler ["ajp-nio-8009"]
15-Jul-2020 21:24:31.603 INFO [main] org.apache.catalina.startup.Catalina.start Server startup in [55,175] milliseconds
15-Jul-2020 21:39:16.102 INFO [Catalina-utility-2] org.apache.catalina.startup.HostConfig.undeploy Undeploying context [/devops]
15-Jul-2020 21:39:16.429 INFO [Catalina-utility-2] org.apache.catalina.startup.HostConfig.deployWAR Deploying web application archive [C:\Users\ashwapan\Downloads\devops\apache-tomcat-9.0.29\webapps\devops.war]
15-Jul-2020 21:39:30.916 INFO [Catalina-utility-2] org.apache.catalina.startup.HostConfig.deployWAR Deployment of web application archive [C:\Users\ashwapan\Downloads\devops\apache-tomcat-9.0.29\webapps\devops.war] has finished in [14,486] ms
