22-Jul-2020 11:23:02.830 INFO [main] org.apache.catalina.startup.VersionLoggerListener.log Server version name:   Apache Tomcat/9.0.29
22-Jul-2020 11:23:02.833 INFO [main] org.apache.catalina.startup.VersionLoggerListener.log Server built:          Nov 16 2019 17:29:07 UTC
22-Jul-2020 11:23:02.833 INFO [main] org.apache.catalina.startup.VersionLoggerListener.log Server version number: 9.0.29.0
22-Jul-2020 11:23:02.834 INFO [main] org.apache.catalina.startup.VersionLoggerListener.log OS Name:               Windows 10
22-Jul-2020 11:23:02.834 INFO [main] org.apache.catalina.startup.VersionLoggerListener.log OS Version:            10.0
22-Jul-2020 11:23:02.834 INFO [main] org.apache.catalina.startup.VersionLoggerListener.log Architecture:          amd64
22-Jul-2020 11:23:02.834 INFO [main] org.apache.catalina.startup.VersionLoggerListener.log Java Home:             C:\Program Files\Java\jdk1.8.0_241\jre
22-Jul-2020 11:23:02.834 INFO [main] org.apache.catalina.startup.VersionLoggerListener.log JVM Version:           1.8.0_241-b07
22-Jul-2020 11:23:02.834 INFO [main] org.apache.catalina.startup.VersionLoggerListener.log JVM Vendor:            Oracle Corporation
22-Jul-2020 11:23:02.834 INFO [main] org.apache.catalina.startup.VersionLoggerListener.log CATALINA_BASE:         C:\Users\ashwapan\Downloads\devops\apache-tomcat-9.0.29
22-Jul-2020 11:23:02.834 INFO [main] org.apache.catalina.startup.VersionLoggerListener.log CATALINA_HOME:         C:\Users\ashwapan\Downloads\devops\apache-tomcat-9.0.29
22-Jul-2020 11:23:02.841 INFO [main] org.apache.catalina.startup.VersionLoggerListener.log Command line argument: -Djava.util.logging.config.file=C:/Users/ashwapan/Downloads/devops/apache-tomcat-9.0.29/conf/logging.properties
22-Jul-2020 11:23:02.841 INFO [main] org.apache.catalina.startup.VersionLoggerListener.log Command line argument: -Djava.util.logging.manager=org.apache.juli.ClassLoaderLogManager
22-Jul-2020 11:23:02.841 INFO [main] org.apache.catalina.startup.VersionLoggerListener.log Command line argument: -Djdk.tls.ephemeralDHKeySize=2048
22-Jul-2020 11:23:02.841 INFO [main] org.apache.catalina.startup.VersionLoggerListener.log Command line argument: -Djava.protocol.handler.pkgs=org.apache.catalina.webresources
22-Jul-2020 11:23:02.841 INFO [main] org.apache.catalina.startup.VersionLoggerListener.log Command line argument: -Dorg.apache.catalina.security.SecurityListener.UMASK=0027
22-Jul-2020 11:23:02.841 INFO [main] org.apache.catalina.startup.VersionLoggerListener.log Command line argument: -Dignore.endorsed.dirs=
22-Jul-2020 11:23:02.841 INFO [main] org.apache.catalina.startup.VersionLoggerListener.log Command line argument: -Dcatalina.base=C:/Users/ashwapan/Downloads/devops/apache-tomcat-9.0.29
22-Jul-2020 11:23:02.841 INFO [main] org.apache.catalina.startup.VersionLoggerListener.log Command line argument: -Dcatalina.home=C:/Users/ashwapan/Downloads/devops/apache-tomcat-9.0.29
22-Jul-2020 11:23:02.841 INFO [main] org.apache.catalina.startup.VersionLoggerListener.log Command line argument: -Djava.io.tmpdir=C:/Users/ashwapan/Downloads/devops/apache-tomcat-9.0.29/temp
22-Jul-2020 11:23:02.841 INFO [main] org.apache.catalina.core.AprLifecycleListener.lifecycleEvent Loaded APR based Apache Tomcat Native library [1.2.23] using APR version [1.7.0].
22-Jul-2020 11:23:02.841 INFO [main] org.apache.catalina.core.AprLifecycleListener.lifecycleEvent APR capabilities: IPv6 [true], sendfile [true], accept filters [false], random [true].
22-Jul-2020 11:23:02.842 INFO [main] org.apache.catalina.core.AprLifecycleListener.lifecycleEvent APR/OpenSSL configuration: useAprConnector [false], useOpenSSL [true]
22-Jul-2020 11:23:02.858 INFO [main] org.apache.catalina.core.AprLifecycleListener.initializeSSL OpenSSL successfully initialized [OpenSSL 1.1.1c  28 May 2019]
22-Jul-2020 11:23:03.204 INFO [main] org.apache.coyote.AbstractProtocol.init Initializing ProtocolHandler ["http-nio-7070"]
22-Jul-2020 11:23:03.553 INFO [main] org.apache.coyote.AbstractProtocol.init Initializing ProtocolHandler ["ajp-nio-8009"]
22-Jul-2020 11:23:03.558 INFO [main] org.apache.catalina.startup.Catalina.load Server initialization in [976] milliseconds
22-Jul-2020 11:23:03.599 INFO [main] org.apache.catalina.core.StandardService.startInternal Starting service [Catalina]
22-Jul-2020 11:23:03.599 INFO [main] org.apache.catalina.core.StandardEngine.startInternal Starting Servlet engine: [Apache Tomcat/9.0.29]
22-Jul-2020 11:23:03.632 INFO [main] org.apache.catalina.startup.HostConfig.deployWAR Deploying web application archive [C:\Users\ashwapan\Downloads\devops\apache-tomcat-9.0.29\webapps\devops.war]
22-Jul-2020 11:23:17.546 INFO [main] org.apache.catalina.startup.HostConfig.deployWAR Deployment of web application archive [C:\Users\ashwapan\Downloads\devops\apache-tomcat-9.0.29\webapps\devops.war] has finished in [13,914] ms
22-Jul-2020 11:23:17.560 INFO [main] org.apache.catalina.startup.HostConfig.deployWAR Deploying web application archive [C:\Users\ashwapan\Downloads\devops\apache-tomcat-9.0.29\webapps\MyApp2-2.2.4-SNAPSHOT.war]
22-Jul-2020 11:23:22.273 INFO [main] org.apache.jasper.servlet.TldScanner.scanJars At least one JAR was scanned for TLDs yet contained no TLDs. Enable debug logging for this logger for a complete list of JARs that were scanned but no TLDs were found in them. Skipping unneeded JARs during scanning can improve startup time and JSP compilation time.
22-Jul-2020 11:23:22.287 INFO [main] org.apache.catalina.startup.HostConfig.deployWAR Deployment of web application archive [C:\Users\ashwapan\Downloads\devops\apache-tomcat-9.0.29\webapps\MyApp2-2.2.4-SNAPSHOT.war] has finished in [4,726] ms
22-Jul-2020 11:23:22.292 INFO [main] org.apache.catalina.startup.HostConfig.deployWAR Deploying web application archive [C:\Users\ashwapan\Downloads\devops\apache-tomcat-9.0.29\webapps\myapp2.war]
22-Jul-2020 11:23:32.231 INFO [main] org.apache.jasper.servlet.TldScanner.scanJars At least one JAR was scanned for TLDs yet contained no TLDs. Enable debug logging for this logger for a complete list of JARs that were scanned but no TLDs were found in them. Skipping unneeded JARs during scanning can improve startup time and JSP compilation time.
22-Jul-2020 11:23:32.254 INFO [main] org.apache.catalina.startup.HostConfig.deployWAR Deployment of web application archive [C:\Users\ashwapan\Downloads\devops\apache-tomcat-9.0.29\webapps\myapp2.war] has finished in [9,961] ms
22-Jul-2020 11:23:32.260 INFO [main] org.apache.catalina.startup.HostConfig.deployWAR Deploying web application archive [C:\Users\ashwapan\Downloads\devops\apache-tomcat-9.0.29\webapps\petclinic.war]
22-Jul-2020 11:23:38.519 INFO [main] org.apache.jasper.servlet.TldScanner.scanJars At least one JAR was scanned for TLDs yet contained no TLDs. Enable debug logging for this logger for a complete list of JARs that were scanned but no TLDs were found in them. Skipping unneeded JARs during scanning can improve startup time and JSP compilation time.
22-Jul-2020 11:23:52.917 INFO [main] org.apache.catalina.startup.HostConfig.deployWAR Deployment of web application archive [C:\Users\ashwapan\Downloads\devops\apache-tomcat-9.0.29\webapps\petclinic.war] has finished in [20,657] ms
22-Jul-2020 11:23:52.922 INFO [main] org.apache.catalina.startup.HostConfig.deployWAR Deploying web application archive [C:\Users\ashwapan\Downloads\devops\apache-tomcat-9.0.29\webapps\players.war]
22-Jul-2020 11:23:55.692 INFO [main] org.apache.jasper.servlet.TldScanner.scanJars At least one JAR was scanned for TLDs yet contained no TLDs. Enable debug logging for this logger for a complete list of JARs that were scanned but no TLDs were found in them. Skipping unneeded JARs during scanning can improve startup time and JSP compilation time.
22-Jul-2020 11:23:55.698 INFO [main] org.apache.catalina.startup.HostConfig.deployWAR Deployment of web application archive [C:\Users\ashwapan\Downloads\devops\apache-tomcat-9.0.29\webapps\players.war] has finished in [2,776] ms
22-Jul-2020 11:23:55.705 INFO [main] org.apache.catalina.startup.HostConfig.deployWAR Deploying web application archive [C:\Users\ashwapan\Downloads\devops\apache-tomcat-9.0.29\webapps\spring-petclinic-2.3.1.BUILD-SNAPSHOT.war]
22-Jul-2020 11:23:55.715 SEVERE [main] org.apache.catalina.startup.ContextConfig.beforeStart Exception fixing docBase for context [/spring-petclinic-2.3.1.BUILD-SNAPSHOT]
	java.util.zip.ZipException: error in opening zip file
		at java.util.zip.ZipFile.open(Native Method)
		at java.util.zip.ZipFile.<init>(ZipFile.java:225)
		at java.util.zip.ZipFile.<init>(ZipFile.java:155)
		at java.util.jar.JarFile.<init>(JarFile.java:166)
		at java.util.jar.JarFile.<init>(JarFile.java:103)
		at sun.net.www.protocol.jar.URLJarFile.<init>(URLJarFile.java:93)
		at sun.net.www.protocol.jar.URLJarFile.getJarFile(URLJarFile.java:69)
		at sun.net.www.protocol.jar.JarFileFactory.get(JarFileFactory.java:109)
		at sun.net.www.protocol.jar.JarURLConnection.connect(JarURLConnection.java:122)
		at sun.net.www.protocol.jar.JarURLConnection.getJarFile(JarURLConnection.java:89)
		at org.apache.catalina.startup.ExpandWar.expand(ExpandWar.java:130)
		at org.apache.catalina.startup.ContextConfig.fixDocBase(ContextConfig.java:615)
		at org.apache.catalina.startup.ContextConfig.beforeStart(ContextConfig.java:747)
		at org.apache.catalina.startup.ContextConfig.lifecycleEvent(ContextConfig.java:303)
		at org.apache.catalina.util.LifecycleBase.fireLifecycleEvent(LifecycleBase.java:123)
		at org.apache.catalina.util.LifecycleBase.setStateInternal(LifecycleBase.java:423)
		at org.apache.catalina.util.LifecycleBase.start(LifecycleBase.java:182)
		at org.apache.catalina.core.ContainerBase.addChildInternal(ContainerBase.java:717)
		at org.apache.catalina.core.ContainerBase.addChild(ContainerBase.java:690)
		at org.apache.catalina.core.StandardHost.addChild(StandardHost.java:705)
		at org.apache.catalina.startup.HostConfig.deployWAR(HostConfig.java:978)
		at org.apache.catalina.startup.HostConfig$DeployWar.run(HostConfig.java:1849)
		at java.util.concurrent.Executors$RunnableAdapter.call(Executors.java:511)
		at java.util.concurrent.FutureTask.run(FutureTask.java:266)
		at org.apache.tomcat.util.threads.InlineExecutorService.execute(InlineExecutorService.java:75)
		at java.util.concurrent.AbstractExecutorService.submit(AbstractExecutorService.java:112)
		at org.apache.catalina.startup.HostConfig.deployWARs(HostConfig.java:773)
		at org.apache.catalina.startup.HostConfig.deployApps(HostConfig.java:427)
		at org.apache.catalina.startup.HostConfig.start(HostConfig.java:1576)
		at org.apache.catalina.startup.HostConfig.lifecycleEvent(HostConfig.java:309)
		at org.apache.catalina.util.LifecycleBase.fireLifecycleEvent(LifecycleBase.java:123)
		at org.apache.catalina.util.LifecycleBase.setStateInternal(LifecycleBase.java:423)
		at org.apache.catalina.util.LifecycleBase.setState(LifecycleBase.java:366)
		at org.apache.catalina.core.ContainerBase.startInternal(ContainerBase.java:936)
		at org.apache.catalina.core.StandardHost.startInternal(StandardHost.java:841)
		at org.apache.catalina.util.LifecycleBase.start(LifecycleBase.java:183)
		at org.apache.catalina.core.ContainerBase$StartChild.call(ContainerBase.java:1384)
		at org.apache.catalina.core.ContainerBase$StartChild.call(ContainerBase.java:1374)
		at java.util.concurrent.FutureTask.run(FutureTask.java:266)
		at org.apache.tomcat.util.threads.InlineExecutorService.execute(InlineExecutorService.java:75)
		at java.util.concurrent.AbstractExecutorService.submit(AbstractExecutorService.java:134)
		at org.apache.catalina.core.ContainerBase.startInternal(ContainerBase.java:909)
		at org.apache.catalina.core.StandardEngine.startInternal(StandardEngine.java:262)
		at org.apache.catalina.util.LifecycleBase.start(LifecycleBase.java:183)
		at org.apache.catalina.core.StandardService.startInternal(StandardService.java:421)
		at org.apache.catalina.util.LifecycleBase.start(LifecycleBase.java:183)
		at org.apache.catalina.core.StandardServer.startInternal(StandardServer.java:930)
		at org.apache.catalina.util.LifecycleBase.start(LifecycleBase.java:183)
		at org.apache.catalina.startup.Catalina.start(Catalina.java:633)
		at sun.reflect.NativeMethodAccessorImpl.invoke0(Native Method)
		at sun.reflect.NativeMethodAccessorImpl.invoke(NativeMethodAccessorImpl.java:62)
		at sun.reflect.DelegatingMethodAccessorImpl.invoke(DelegatingMethodAccessorImpl.java:43)
		at java.lang.reflect.Method.invoke(Method.java:498)
		at org.apache.catalina.startup.Bootstrap.start(Bootstrap.java:343)
		at org.apache.catalina.startup.Bootstrap.main(Bootstrap.java:474)
22-Jul-2020 11:23:55.720 SEVERE [main] org.apache.catalina.startup.HostConfig.deployWAR Error deploying web application archive [C:\Users\ashwapan\Downloads\devops\apache-tomcat-9.0.29\webapps\spring-petclinic-2.3.1.BUILD-SNAPSHOT.war]
	java.lang.IllegalStateException: Error starting child
		at org.apache.catalina.core.ContainerBase.addChildInternal(ContainerBase.java:720)
		at org.apache.catalina.core.ContainerBase.addChild(ContainerBase.java:690)
		at org.apache.catalina.core.StandardHost.addChild(StandardHost.java:705)
		at org.apache.catalina.startup.HostConfig.deployWAR(HostConfig.java:978)
		at org.apache.catalina.startup.HostConfig$DeployWar.run(HostConfig.java:1849)
		at java.util.concurrent.Executors$RunnableAdapter.call(Executors.java:511)
		at java.util.concurrent.FutureTask.run(FutureTask.java:266)
		at org.apache.tomcat.util.threads.InlineExecutorService.execute(InlineExecutorService.java:75)
		at java.util.concurrent.AbstractExecutorService.submit(AbstractExecutorService.java:112)
		at org.apache.catalina.startup.HostConfig.deployWARs(HostConfig.java:773)
		at org.apache.catalina.startup.HostConfig.deployApps(HostConfig.java:427)
		at org.apache.catalina.startup.HostConfig.start(HostConfig.java:1576)
		at org.apache.catalina.startup.HostConfig.lifecycleEvent(HostConfig.java:309)
		at org.apache.catalina.util.LifecycleBase.fireLifecycleEvent(LifecycleBase.java:123)
		at org.apache.catalina.util.LifecycleBase.setStateInternal(LifecycleBase.java:423)
		at org.apache.catalina.util.LifecycleBase.setState(LifecycleBase.java:366)
		at org.apache.catalina.core.ContainerBase.startInternal(ContainerBase.java:936)
		at org.apache.catalina.core.StandardHost.startInternal(StandardHost.java:841)
		at org.apache.catalina.util.LifecycleBase.start(LifecycleBase.java:183)
		at org.apache.catalina.core.ContainerBase$StartChild.call(ContainerBase.java:1384)
		at org.apache.catalina.core.ContainerBase$StartChild.call(ContainerBase.java:1374)
		at java.util.concurrent.FutureTask.run(FutureTask.java:266)
		at org.apache.tomcat.util.threads.InlineExecutorService.execute(InlineExecutorService.java:75)
		at java.util.concurrent.AbstractExecutorService.submit(AbstractExecutorService.java:134)
		at org.apache.catalina.core.ContainerBase.startInternal(ContainerBase.java:909)
		at org.apache.catalina.core.StandardEngine.startInternal(StandardEngine.java:262)
		at org.apache.catalina.util.LifecycleBase.start(LifecycleBase.java:183)
		at org.apache.catalina.core.StandardService.startInternal(StandardService.java:421)
		at org.apache.catalina.util.LifecycleBase.start(LifecycleBase.java:183)
		at org.apache.catalina.core.StandardServer.startInternal(StandardServer.java:930)
		at org.apache.catalina.util.LifecycleBase.start(LifecycleBase.java:183)
		at org.apache.catalina.startup.Catalina.start(Catalina.java:633)
		at sun.reflect.NativeMethodAccessorImpl.invoke0(Native Method)
		at sun.reflect.NativeMethodAccessorImpl.invoke(NativeMethodAccessorImpl.java:62)
		at sun.reflect.DelegatingMethodAccessorImpl.invoke(DelegatingMethodAccessorImpl.java:43)
		at java.lang.reflect.Method.invoke(Method.java:498)
		at org.apache.catalina.startup.Bootstrap.start(Bootstrap.java:343)
		at org.apache.catalina.startup.Bootstrap.main(Bootstrap.java:474)
	Caused by: org.apache.catalina.LifecycleException: Failed to initialize component [org.apache.catalina.webresources.WarResourceSet@66f16817]
		at org.apache.catalina.util.LifecycleBase.handleSubClassException(LifecycleBase.java:440)
		at org.apache.catalina.util.LifecycleBase.init(LifecycleBase.java:139)
		at org.apache.catalina.util.LifecycleBase.start(LifecycleBase.java:173)
		at org.apache.catalina.webresources.StandardRoot.startInternal(StandardRoot.java:717)
		at org.apache.catalina.util.LifecycleBase.start(LifecycleBase.java:183)
		at org.apache.catalina.core.StandardContext.resourcesStart(StandardContext.java:4800)
		at org.apache.catalina.core.StandardContext.startInternal(StandardContext.java:4935)
		at org.apache.catalina.util.LifecycleBase.start(LifecycleBase.java:183)
		at org.apache.catalina.core.ContainerBase.addChildInternal(ContainerBase.java:717)
		... 37 more
	Caused by: java.lang.IllegalArgumentException: java.util.zip.ZipException: error in opening zip file
		at org.apache.catalina.webresources.AbstractSingleArchiveResourceSet.initInternal(AbstractSingleArchiveResourceSet.java:143)
		at org.apache.catalina.util.LifecycleBase.init(LifecycleBase.java:136)
		... 44 more
	Caused by: java.util.zip.ZipException: error in opening zip file
		at java.util.zip.ZipFile.open(Native Method)
		at java.util.zip.ZipFile.<init>(ZipFile.java:225)
		at java.util.zip.ZipFile.<init>(ZipFile.java:155)
		at java.util.jar.JarFile.<init>(JarFile.java:166)
		at java.util.jar.JarFile.<init>(JarFile.java:130)
		at org.apache.tomcat.util.compat.JreCompat.jarFileNewInstance(JreCompat.java:177)
		at org.apache.tomcat.util.compat.JreCompat.jarFileNewInstance(JreCompat.java:162)
		at org.apache.catalina.webresources.AbstractSingleArchiveResourceSet.initInternal(AbstractSingleArchiveResourceSet.java:140)
		... 45 more
22-Jul-2020 11:23:55.724 INFO [main] org.apache.catalina.startup.HostConfig.deployWAR Deployment of web application archive [C:\Users\ashwapan\Downloads\devops\apache-tomcat-9.0.29\webapps\spring-petclinic-2.3.1.BUILD-SNAPSHOT.war] has finished in [19] ms
22-Jul-2020 11:23:55.725 INFO [main] org.apache.catalina.startup.HostConfig.deployDirectory Deploying web application directory [C:\Users\ashwapan\Downloads\devops\apache-tomcat-9.0.29\webapps\docs]
22-Jul-2020 11:23:55.758 INFO [main] org.apache.catalina.startup.HostConfig.deployDirectory Deployment of web application directory [C:\Users\ashwapan\Downloads\devops\apache-tomcat-9.0.29\webapps\docs] has finished in [33] ms
22-Jul-2020 11:23:55.759 INFO [main] org.apache.catalina.startup.HostConfig.deployDirectory Deploying web application directory [C:\Users\ashwapan\Downloads\devops\apache-tomcat-9.0.29\webapps\examples]
22-Jul-2020 11:23:56.344 INFO [main] org.apache.catalina.startup.HostConfig.deployDirectory Deployment of web application directory [C:\Users\ashwapan\Downloads\devops\apache-tomcat-9.0.29\webapps\examples] has finished in [584] ms
22-Jul-2020 11:23:56.344 INFO [main] org.apache.catalina.startup.HostConfig.deployDirectory Deploying web application directory [C:\Users\ashwapan\Downloads\devops\apache-tomcat-9.0.29\webapps\host-manager]
22-Jul-2020 11:23:56.404 INFO [main] org.apache.catalina.startup.HostConfig.deployDirectory Deployment of web application directory [C:\Users\ashwapan\Downloads\devops\apache-tomcat-9.0.29\webapps\host-manager] has finished in [60] ms
22-Jul-2020 11:23:56.405 INFO [main] org.apache.catalina.startup.HostConfig.deployDirectory Deploying web application directory [C:\Users\ashwapan\Downloads\devops\apache-tomcat-9.0.29\webapps\manager]
22-Jul-2020 11:23:56.453 INFO [main] org.apache.catalina.startup.HostConfig.deployDirectory Deployment of web application directory [C:\Users\ashwapan\Downloads\devops\apache-tomcat-9.0.29\webapps\manager] has finished in [48] ms
22-Jul-2020 11:23:56.454 INFO [main] org.apache.catalina.startup.HostConfig.deployDirectory Deploying web application directory [C:\Users\ashwapan\Downloads\devops\apache-tomcat-9.0.29\webapps\ROOT]
22-Jul-2020 11:23:56.492 INFO [main] org.apache.catalina.startup.HostConfig.deployDirectory Deployment of web application directory [C:\Users\ashwapan\Downloads\devops\apache-tomcat-9.0.29\webapps\ROOT] has finished in [37] ms
22-Jul-2020 11:23:56.496 INFO [main] org.apache.coyote.AbstractProtocol.start Starting ProtocolHandler ["http-nio-7070"]
22-Jul-2020 11:23:56.507 INFO [main] org.apache.coyote.AbstractProtocol.start Starting ProtocolHandler ["ajp-nio-8009"]
22-Jul-2020 11:23:56.510 INFO [main] org.apache.catalina.startup.Catalina.start Server startup in [52,952] milliseconds
22-Jul-2020 11:26:35.759 INFO [http-nio-7070-exec-3] org.apache.catalina.startup.HostConfig.undeploy Undeploying context [/myapp2]
22-Jul-2020 11:26:36.780 INFO [http-nio-7070-exec-9] org.apache.catalina.startup.HostConfig.deployWAR Deploying web application archive [C:\Users\ashwapan\Downloads\devops\apache-tomcat-9.0.29\webapps\myapp2.war]
22-Jul-2020 11:26:45.801 INFO [http-nio-7070-exec-9] org.apache.jasper.servlet.TldScanner.scanJars At least one JAR was scanned for TLDs yet contained no TLDs. Enable debug logging for this logger for a complete list of JARs that were scanned but no TLDs were found in them. Skipping unneeded JARs during scanning can improve startup time and JSP compilation time.
22-Jul-2020 11:26:45.818 INFO [http-nio-7070-exec-9] org.apache.catalina.startup.HostConfig.deployWAR Deployment of web application archive [C:\Users\ashwapan\Downloads\devops\apache-tomcat-9.0.29\webapps\myapp2.war] has finished in [9,039] ms
22-Jul-2020 11:27:33.625 INFO [http-nio-7070-exec-14] com.bettercloud.vault.Vault.<init> Constructing a Vault instance with no provided Engine version, defaulting to version 2.
22-Jul-2020 11:38:29.276 INFO [http-nio-7070-exec-18] org.apache.catalina.startup.HostConfig.undeploy Undeploying context [/myapp2]
22-Jul-2020 11:38:29.554 INFO [http-nio-7070-exec-11] org.apache.catalina.startup.HostConfig.deployWAR Deploying web application archive [C:\Users\ashwapan\Downloads\devops\apache-tomcat-9.0.29\webapps\myapp2.war]
22-Jul-2020 11:38:37.567 INFO [http-nio-7070-exec-11] org.apache.jasper.servlet.TldScanner.scanJars At least one JAR was scanned for TLDs yet contained no TLDs. Enable debug logging for this logger for a complete list of JARs that were scanned but no TLDs were found in them. Skipping unneeded JARs during scanning can improve startup time and JSP compilation time.
22-Jul-2020 11:38:37.578 INFO [http-nio-7070-exec-11] org.apache.catalina.startup.HostConfig.deployWAR Deployment of web application archive [C:\Users\ashwapan\Downloads\devops\apache-tomcat-9.0.29\webapps\myapp2.war] has finished in [8,024] ms
22-Jul-2020 11:40:12.243 INFO [http-nio-7070-exec-13] com.bettercloud.vault.Vault.<init> Constructing a Vault instance with no provided Engine version, defaulting to version 2.
22-Jul-2020 12:11:55.688 INFO [http-nio-7070-exec-24] com.bettercloud.vault.Vault.<init> Constructing a Vault instance with no provided Engine version, defaulting to version 2.
22-Jul-2020 12:12:10.096 INFO [http-nio-7070-exec-23] com.bettercloud.vault.Vault.<init> Constructing a Vault instance with no provided Engine version, defaulting to version 2.
22-Jul-2020 12:12:24.972 INFO [http-nio-7070-exec-26] com.bettercloud.vault.Vault.<init> Constructing a Vault instance with no provided Engine version, defaulting to version 2.
22-Jul-2020 12:12:31.315 INFO [http-nio-7070-exec-27] com.bettercloud.vault.Vault.<init> Constructing a Vault instance with no provided Engine version, defaulting to version 2.
22-Jul-2020 12:12:36.168 INFO [http-nio-7070-exec-28] com.bettercloud.vault.Vault.<init> Constructing a Vault instance with no provided Engine version, defaulting to version 2.
22-Jul-2020 12:12:39.803 INFO [http-nio-7070-exec-29] com.bettercloud.vault.Vault.<init> Constructing a Vault instance with no provided Engine version, defaulting to version 2.
22-Jul-2020 12:12:44.210 INFO [http-nio-7070-exec-24] com.bettercloud.vault.Vault.<init> Constructing a Vault instance with no provided Engine version, defaulting to version 2.
22-Jul-2020 12:12:48.931 INFO [http-nio-7070-exec-21] com.bettercloud.vault.Vault.<init> Constructing a Vault instance with no provided Engine version, defaulting to version 2.
22-Jul-2020 12:33:54.440 WARNING [http-nio-7070-exec-30] org.apache.catalina.loader.WebappClassLoaderBase.clearReferencesJdbc The web application [myapp2] registered the JDBC driver [com.mysql.cj.jdbc.Driver] but failed to unregister it when the web application was stopped. To prevent a memory leak, the JDBC Driver has been forcibly unregistered.
22-Jul-2020 12:33:54.441 WARNING [http-nio-7070-exec-30] org.apache.catalina.loader.WebappClassLoaderBase.clearReferencesThreads The web application [myapp2] appears to have started a thread named [mysql-cj-abandoned-connection-cleanup] but has failed to stop it. This is very likely to create a memory leak. Stack trace of thread:
 java.lang.Object.wait(Native Method)
 java.lang.ref.ReferenceQueue.remove(ReferenceQueue.java:144)
 com.mysql.cj.jdbc.AbandonedConnectionCleanupThread.run(AbandonedConnectionCleanupThread.java:85)
 java.util.concurrent.ThreadPoolExecutor.runWorker(ThreadPoolExecutor.java:1149)
 java.util.concurrent.ThreadPoolExecutor$Worker.run(ThreadPoolExecutor.java:624)
 java.lang.Thread.run(Thread.java:748)
22-Jul-2020 12:33:55.075 INFO [http-nio-7070-exec-30] org.apache.catalina.startup.HostConfig.undeploy Undeploying context [/myapp2]
22-Jul-2020 12:33:55.357 INFO [mysql-cj-abandoned-connection-cleanup] org.apache.catalina.loader.WebappClassLoaderBase.checkStateForResourceLoading Illegal access: this web application instance has been stopped already. Could not load []. The following stack trace is thrown for debugging purposes as well as to attempt to terminate the thread which caused the illegal access.
	java.lang.IllegalStateException: Illegal access: this web application instance has been stopped already. Could not load []. The following stack trace is thrown for debugging purposes as well as to attempt to terminate the thread which caused the illegal access.
		at org.apache.catalina.loader.WebappClassLoaderBase.checkStateForResourceLoading(WebappClassLoaderBase.java:1385)
		at org.apache.catalina.loader.WebappClassLoaderBase.getResource(WebappClassLoaderBase.java:1038)
		at com.mysql.cj.jdbc.AbandonedConnectionCleanupThread.checkThreadContextClassLoader(AbandonedConnectionCleanupThread.java:117)
		at com.mysql.cj.jdbc.AbandonedConnectionCleanupThread.run(AbandonedConnectionCleanupThread.java:84)
		at java.util.concurrent.ThreadPoolExecutor.runWorker(ThreadPoolExecutor.java:1149)
		at java.util.concurrent.ThreadPoolExecutor$Worker.run(ThreadPoolExecutor.java:624)
		at java.lang.Thread.run(Thread.java:748)
22-Jul-2020 12:33:55.474 INFO [http-nio-7070-exec-28] org.apache.catalina.startup.HostConfig.deployWAR Deploying web application archive [C:\Users\ashwapan\Downloads\devops\apache-tomcat-9.0.29\webapps\myapp2.war]
22-Jul-2020 12:34:04.672 INFO [http-nio-7070-exec-28] org.apache.jasper.servlet.TldScanner.scanJars At least one JAR was scanned for TLDs yet contained no TLDs. Enable debug logging for this logger for a complete list of JARs that were scanned but no TLDs were found in them. Skipping unneeded JARs during scanning can improve startup time and JSP compilation time.
22-Jul-2020 12:34:04.686 INFO [http-nio-7070-exec-28] org.apache.catalina.startup.HostConfig.deployWAR Deployment of web application archive [C:\Users\ashwapan\Downloads\devops\apache-tomcat-9.0.29\webapps\myapp2.war] has finished in [9,213] ms
22-Jul-2020 12:34:18.213 INFO [http-nio-7070-exec-21] com.bettercloud.vault.Vault.<init> Constructing a Vault instance with no provided Engine version, defaulting to version 2.
22-Jul-2020 12:36:57.391 INFO [http-nio-7070-exec-31] com.bettercloud.vault.Vault.<init> Constructing a Vault instance with no provided Engine version, defaulting to version 2.
22-Jul-2020 15:29:53.225 INFO [http-nio-7070-exec-35] com.bettercloud.vault.Vault.<init> Constructing a Vault instance with no provided Engine version, defaulting to version 2.
22-Jul-2020 15:30:03.060 INFO [http-nio-7070-exec-37] com.bettercloud.vault.Vault.<init> Constructing a Vault instance with no provided Engine version, defaulting to version 2.
22-Jul-2020 15:30:08.382 INFO [http-nio-7070-exec-40] com.bettercloud.vault.Vault.<init> Constructing a Vault instance with no provided Engine version, defaulting to version 2.
22-Jul-2020 16:09:43.773 INFO [http-nio-7070-exec-36] com.bettercloud.vault.Vault.<init> Constructing a Vault instance with no provided Engine version, defaulting to version 2.
22-Jul-2020 16:32:39.870 INFO [http-nio-7070-exec-39] com.bettercloud.vault.Vault.<init> Constructing a Vault instance with no provided Engine version, defaulting to version 2.
22-Jul-2020 16:32:44.197 INFO [http-nio-7070-exec-31] com.bettercloud.vault.Vault.<init> Constructing a Vault instance with no provided Engine version, defaulting to version 2.
22-Jul-2020 16:34:41.553 INFO [http-nio-7070-exec-34] com.bettercloud.vault.Vault.<init> Constructing a Vault instance with no provided Engine version, defaulting to version 2.
22-Jul-2020 16:37:20.906 INFO [http-nio-7070-exec-38] com.bettercloud.vault.Vault.<init> Constructing a Vault instance with no provided Engine version, defaulting to version 2.
22-Jul-2020 16:40:24.141 INFO [http-nio-7070-exec-32] com.bettercloud.vault.Vault.<init> Constructing a Vault instance with no provided Engine version, defaulting to version 2.
