03-Aug-2020 14:22:23.232 INFO [http-nio-7070-exec-11] org.apache.catalina.core.ApplicationContext.log Manager: list: Listing contexts for virtual host 'localhost'
03-Aug-2020 14:22:23.291 INFO [http-nio-7070-exec-11] org.apache.catalina.core.ApplicationContext.log Manager: list: Listing contexts for virtual host 'localhost'
03-Aug-2020 14:22:23.297 INFO [http-nio-7070-exec-11] org.apache.catalina.core.ApplicationContext.log Manager: undeploy: Undeploying web application at '/myapp2'
03-Aug-2020 14:22:24.398 INFO [http-nio-7070-exec-12] org.apache.catalina.core.ApplicationContext.log Manager: deploy: Deploying web application '/myapp2'
03-Aug-2020 14:22:24.398 INFO [http-nio-7070-exec-12] org.apache.catalina.core.ApplicationContext.log Manager: Uploading WAR file to C:\Users\ashwapan\Downloads\devops\apache-tomcat-9.0.29\webapps\myapp2.war
03-Aug-2020 14:30:29.705 INFO [http-nio-7070-exec-22] org.apache.catalina.core.ApplicationContext.log Manager: list: Listing contexts for virtual host 'localhost'
03-Aug-2020 14:30:29.718 INFO [http-nio-7070-exec-22] org.apache.catalina.core.ApplicationContext.log Manager: list: Listing contexts for virtual host 'localhost'
03-Aug-2020 14:30:29.727 INFO [http-nio-7070-exec-26] org.apache.catalina.core.ApplicationContext.log Manager: undeploy: Undeploying web application at '/myapp2'
03-Aug-2020 14:30:30.853 INFO [http-nio-7070-exec-29] org.apache.catalina.core.ApplicationContext.log Manager: deploy: Deploying web application '/myapp2'
03-Aug-2020 14:30:30.853 INFO [http-nio-7070-exec-29] org.apache.catalina.core.ApplicationContext.log Manager: Uploading WAR file to C:\Users\ashwapan\Downloads\devops\apache-tomcat-9.0.29\webapps\myapp2.war
03-Aug-2020 14:40:58.962 INFO [http-nio-7070-exec-34] org.apache.catalina.core.ApplicationContext.log Manager: list: Listing contexts for virtual host 'localhost'
03-Aug-2020 14:40:58.973 INFO [http-nio-7070-exec-34] org.apache.catalina.core.ApplicationContext.log Manager: list: Listing contexts for virtual host 'localhost'
03-Aug-2020 14:40:58.980 INFO [http-nio-7070-exec-35] org.apache.catalina.core.ApplicationContext.log Manager: undeploy: Undeploying web application at '/myapp2'
03-Aug-2020 14:41:00.245 INFO [http-nio-7070-exec-40] org.apache.catalina.core.ApplicationContext.log Manager: deploy: Deploying web application '/myapp2'
03-Aug-2020 14:41:00.246 INFO [http-nio-7070-exec-40] org.apache.catalina.core.ApplicationContext.log Manager: Uploading WAR file to C:\Users\ashwapan\Downloads\devops\apache-tomcat-9.0.29\webapps\myapp2.war
03-Aug-2020 17:03:08.021 INFO [http-nio-7070-exec-44] org.apache.catalina.core.ApplicationContext.log Manager: list: Listing contexts for virtual host 'localhost'
03-Aug-2020 17:03:08.070 INFO [http-nio-7070-exec-44] org.apache.catalina.core.ApplicationContext.log Manager: list: Listing contexts for virtual host 'localhost'
03-Aug-2020 17:03:08.080 INFO [http-nio-7070-exec-44] org.apache.catalina.core.ApplicationContext.log Manager: undeploy: Undeploying web application at '/myapp2'
03-Aug-2020 17:03:09.629 INFO [http-nio-7070-exec-45] org.apache.catalina.core.ApplicationContext.log Manager: deploy: Deploying web application '/myapp2'
03-Aug-2020 17:03:09.629 INFO [http-nio-7070-exec-45] org.apache.catalina.core.ApplicationContext.log Manager: Uploading WAR file to C:\Users\ashwapan\Downloads\devops\apache-tomcat-9.0.29\webapps\myapp2.war
03-Aug-2020 17:06:37.280 INFO [http-nio-7070-exec-52] org.apache.catalina.core.ApplicationContext.log Manager: list: Listing contexts for virtual host 'localhost'
03-Aug-2020 17:06:37.285 INFO [http-nio-7070-exec-53] org.apache.catalina.core.ApplicationContext.log Manager: list: Listing contexts for virtual host 'localhost'
03-Aug-2020 17:06:37.288 INFO [http-nio-7070-exec-54] org.apache.catalina.core.ApplicationContext.log Manager: undeploy: Undeploying web application at '/myapp2'
03-Aug-2020 17:06:38.156 INFO [http-nio-7070-exec-57] org.apache.catalina.core.ApplicationContext.log Manager: deploy: Deploying web application '/myapp2'
03-Aug-2020 17:06:38.156 INFO [http-nio-7070-exec-57] org.apache.catalina.core.ApplicationContext.log Manager: Uploading WAR file to C:\Users\ashwapan\Downloads\devops\apache-tomcat-9.0.29\webapps\myapp2.war
03-Aug-2020 17:08:39.541 INFO [http-nio-7070-exec-61] org.apache.catalina.core.ApplicationContext.log HTMLManager: init: Associated with Deployer 'Catalina:type=Deployer,host=localhost'
03-Aug-2020 17:08:39.541 INFO [http-nio-7070-exec-61] org.apache.catalina.core.ApplicationContext.log HTMLManager: init: Global resources are available
03-Aug-2020 17:08:39.597 INFO [http-nio-7070-exec-61] org.apache.catalina.core.ApplicationContext.log HTMLManager: list: Listing contexts for virtual host 'localhost'
03-Aug-2020 18:13:45.450 INFO [http-nio-7070-exec-67] org.apache.catalina.core.ApplicationContext.log Manager: list: Listing contexts for virtual host 'localhost'
03-Aug-2020 18:13:45.478 INFO [http-nio-7070-exec-67] org.apache.catalina.core.ApplicationContext.log Manager: list: Listing contexts for virtual host 'localhost'
03-Aug-2020 18:13:45.504 INFO [http-nio-7070-exec-61] org.apache.catalina.core.ApplicationContext.log Manager: undeploy: Undeploying web application at '/myapp2'
03-Aug-2020 18:13:47.272 INFO [http-nio-7070-exec-66] org.apache.catalina.core.ApplicationContext.log Manager: deploy: Deploying web application '/myapp2'
03-Aug-2020 18:13:47.272 INFO [http-nio-7070-exec-66] org.apache.catalina.core.ApplicationContext.log Manager: Uploading WAR file to C:\Users\ashwapan\Downloads\devops\apache-tomcat-9.0.29\webapps\myapp2.war
03-Aug-2020 18:15:06.997 INFO [http-nio-7070-exec-63] org.apache.catalina.core.ApplicationContext.log HTMLManager: list: Listing contexts for virtual host 'localhost'
03-Aug-2020 18:18:19.203 INFO [http-nio-7070-exec-75] org.apache.catalina.core.ApplicationContext.log Manager: list: Listing contexts for virtual host 'localhost'
03-Aug-2020 18:18:19.210 INFO [http-nio-7070-exec-76] org.apache.catalina.core.ApplicationContext.log Manager: list: Listing contexts for virtual host 'localhost'
03-Aug-2020 18:18:19.219 INFO [http-nio-7070-exec-77] org.apache.catalina.core.ApplicationContext.log Manager: undeploy: Undeploying web application at '/petclinic'
03-Aug-2020 18:18:20.936 INFO [http-nio-7070-exec-76] org.apache.catalina.core.ApplicationContext.log Manager: deploy: Deploying web application '/petclinic'
03-Aug-2020 18:18:20.936 INFO [http-nio-7070-exec-76] org.apache.catalina.core.ApplicationContext.log Manager: Uploading WAR file to C:\Users\ashwapan\Downloads\devops\apache-tomcat-9.0.29\webapps\petclinic.war
03-Aug-2020 18:50:17.925 INFO [http-nio-7070-exec-87] org.apache.catalina.core.ApplicationContext.log Manager: list: Listing contexts for virtual host 'localhost'
03-Aug-2020 18:50:17.954 INFO [http-nio-7070-exec-87] org.apache.catalina.core.ApplicationContext.log Manager: list: Listing contexts for virtual host 'localhost'
03-Aug-2020 18:50:17.973 INFO [http-nio-7070-exec-82] org.apache.catalina.core.ApplicationContext.log Manager: undeploy: Undeploying web application at '/petclinic'
03-Aug-2020 18:51:54.888 INFO [http-nio-7070-exec-92] org.apache.catalina.core.ApplicationContext.log Manager: list: Listing contexts for virtual host 'localhost'
03-Aug-2020 18:51:54.892 INFO [http-nio-7070-exec-93] org.apache.catalina.core.ApplicationContext.log Manager: list: Listing contexts for virtual host 'localhost'
03-Aug-2020 18:51:54.897 INFO [http-nio-7070-exec-94] org.apache.catalina.core.ApplicationContext.log Manager: undeploy: Undeploying web application at '/petclinic'
03-Aug-2020 18:53:17.640 INFO [http-nio-7070-exec-98] org.apache.catalina.core.ApplicationContext.log Manager: list: Listing contexts for virtual host 'localhost'
03-Aug-2020 18:53:17.644 INFO [http-nio-7070-exec-99] org.apache.catalina.core.ApplicationContext.log Manager: list: Listing contexts for virtual host 'localhost'
03-Aug-2020 18:53:17.649 INFO [http-nio-7070-exec-91] org.apache.catalina.core.ApplicationContext.log Manager: undeploy: Undeploying web application at '/petclinic'
03-Aug-2020 18:55:13.933 INFO [http-nio-7070-exec-100] org.apache.catalina.core.ApplicationContext.log Manager: list: Listing contexts for virtual host 'localhost'
03-Aug-2020 18:55:13.936 INFO [http-nio-7070-exec-98] org.apache.catalina.core.ApplicationContext.log Manager: list: Listing contexts for virtual host 'localhost'
03-Aug-2020 18:55:13.941 INFO [http-nio-7070-exec-99] org.apache.catalina.core.ApplicationContext.log Manager: undeploy: Undeploying web application at '/petclinic'
03-Aug-2020 18:58:47.436 INFO [http-nio-7070-exec-102] org.apache.catalina.core.ApplicationContext.log Manager: list: Listing contexts for virtual host 'localhost'
03-Aug-2020 18:58:47.440 INFO [http-nio-7070-exec-103] org.apache.catalina.core.ApplicationContext.log Manager: list: Listing contexts for virtual host 'localhost'
03-Aug-2020 18:58:47.443 INFO [http-nio-7070-exec-104] org.apache.catalina.core.ApplicationContext.log Manager: undeploy: Undeploying web application at '/petclinic'
03-Aug-2020 19:00:27.857 INFO [http-nio-7070-exec-98] org.apache.catalina.core.ApplicationContext.log Manager: list: Listing contexts for virtual host 'localhost'
03-Aug-2020 19:00:27.862 INFO [http-nio-7070-exec-99] org.apache.catalina.core.ApplicationContext.log Manager: list: Listing contexts for virtual host 'localhost'
03-Aug-2020 19:00:27.865 INFO [http-nio-7070-exec-101] org.apache.catalina.core.ApplicationContext.log Manager: undeploy: Undeploying web application at '/petclinic'
03-Aug-2020 19:02:35.994 INFO [http-nio-7070-exec-106] org.apache.catalina.core.ApplicationContext.log Manager: list: Listing contexts for virtual host 'localhost'
03-Aug-2020 19:02:36.002 INFO [http-nio-7070-exec-107] org.apache.catalina.core.ApplicationContext.log Manager: deploy: Deploying web application '/petclinic2'
03-Aug-2020 19:02:36.002 INFO [http-nio-7070-exec-107] org.apache.catalina.core.ApplicationContext.log Manager: Uploading WAR file to C:\Users\ashwapan\Downloads\devops\apache-tomcat-9.0.29\webapps\petclinic2.war
03-Aug-2020 19:36:20.848 INFO [http-nio-7070-exec-99] org.apache.catalina.core.ApplicationContext.log Manager: list: Listing contexts for virtual host 'localhost'
03-Aug-2020 19:36:20.869 INFO [http-nio-7070-exec-99] org.apache.catalina.core.ApplicationContext.log Manager: list: Listing contexts for virtual host 'localhost'
03-Aug-2020 19:36:20.875 INFO [http-nio-7070-exec-99] org.apache.catalina.core.ApplicationContext.log Manager: undeploy: Undeploying web application at '/petclinic2'
03-Aug-2020 19:40:09.670 INFO [http-nio-7070-exec-1] org.apache.catalina.core.ApplicationContext.log Manager: init: Associated with Deployer 'Catalina:type=Deployer,host=localhost'
03-Aug-2020 19:40:09.671 INFO [http-nio-7070-exec-1] org.apache.catalina.core.ApplicationContext.log Manager: init: Global resources are available
03-Aug-2020 19:40:09.676 INFO [http-nio-7070-exec-1] org.apache.catalina.core.ApplicationContext.log Manager: list: Listing contexts for virtual host 'localhost'
03-Aug-2020 19:40:09.685 INFO [http-nio-7070-exec-1] org.apache.catalina.core.ApplicationContext.log Manager: list: Listing contexts for virtual host 'localhost'
03-Aug-2020 19:40:09.690 INFO [http-nio-7070-exec-2] org.apache.catalina.core.ApplicationContext.log Manager: undeploy: Undeploying web application at '/petclinic2'
03-Aug-2020 19:40:10.248 INFO [http-nio-7070-exec-3] org.apache.catalina.core.ApplicationContext.log Manager: deploy: Deploying web application '/petclinic2'
03-Aug-2020 19:40:10.249 INFO [http-nio-7070-exec-3] org.apache.catalina.core.ApplicationContext.log Manager: Uploading WAR file to C:\Users\ashwapan\Downloads\devops\apache-tomcat-9.0.29\webapps\petclinic2.war
03-Aug-2020 19:43:36.560 INFO [http-nio-7070-exec-12] org.apache.catalina.core.ApplicationContext.log Manager: list: Listing contexts for virtual host 'localhost'
03-Aug-2020 19:43:36.565 INFO [http-nio-7070-exec-13] org.apache.catalina.core.ApplicationContext.log Manager: deploy: Deploying web application '/petclinic3'
03-Aug-2020 19:43:36.565 INFO [http-nio-7070-exec-13] org.apache.catalina.core.ApplicationContext.log Manager: Uploading WAR file to C:\Users\ashwapan\Downloads\devops\apache-tomcat-9.0.29\webapps\petclinic3.war
03-Aug-2020 19:48:58.170 INFO [http-nio-7070-exec-19] org.apache.catalina.core.ApplicationContext.log Manager: list: Listing contexts for virtual host 'localhost'
03-Aug-2020 19:48:58.173 INFO [http-nio-7070-exec-17] org.apache.catalina.core.ApplicationContext.log Manager: list: Listing contexts for virtual host 'localhost'
03-Aug-2020 19:48:58.176 INFO [http-nio-7070-exec-18] org.apache.catalina.core.ApplicationContext.log Manager: undeploy: Undeploying web application at '/petclinic3'
03-Aug-2020 19:48:58.938 INFO [http-nio-7070-exec-20] org.apache.catalina.core.ApplicationContext.log Manager: deploy: Deploying web application '/petclinic3'
03-Aug-2020 19:48:58.939 INFO [http-nio-7070-exec-20] org.apache.catalina.core.ApplicationContext.log Manager: Uploading WAR file to C:\Users\ashwapan\Downloads\devops\apache-tomcat-9.0.29\webapps\petclinic3.war
03-Aug-2020 19:50:43.908 INFO [http-nio-7070-exec-27] org.apache.catalina.core.ApplicationContext.log HTMLManager: init: Associated with Deployer 'Catalina:type=Deployer,host=localhost'
03-Aug-2020 19:50:43.908 INFO [http-nio-7070-exec-27] org.apache.catalina.core.ApplicationContext.log HTMLManager: init: Global resources are available
03-Aug-2020 19:50:43.923 INFO [http-nio-7070-exec-27] org.apache.catalina.core.ApplicationContext.log HTMLManager: list: Listing contexts for virtual host 'localhost'
03-Aug-2020 19:50:53.518 INFO [http-nio-7070-exec-28] org.apache.catalina.core.ApplicationContext.log HTMLManager: undeploy: Undeploying web application at '/petclinic3'
03-Aug-2020 19:50:54.519 INFO [http-nio-7070-exec-28] org.apache.catalina.core.ApplicationContext.log HTMLManager: list: Listing contexts for virtual host 'localhost'
03-Aug-2020 19:50:59.412 INFO [http-nio-7070-exec-22] org.apache.catalina.core.ApplicationContext.log HTMLManager: undeploy: Undeploying web application at '/petclinic2'
03-Aug-2020 19:51:00.448 INFO [http-nio-7070-exec-22] org.apache.catalina.core.ApplicationContext.log HTMLManager: list: Listing contexts for virtual host 'localhost'
03-Aug-2020 19:51:05.691 INFO [http-nio-7070-exec-29] org.apache.catalina.core.ApplicationContext.log HTMLManager: undeploy: Undeploying web application at '/petclinic'
03-Aug-2020 19:51:06.288 INFO [http-nio-7070-exec-29] org.apache.catalina.core.ApplicationContext.log HTMLManager: list: Listing contexts for virtual host 'localhost'
03-Aug-2020 19:51:11.483 INFO [http-nio-7070-exec-28] org.apache.catalina.core.ApplicationContext.log HTMLManager: undeploy: Undeploying web application at '/spring-petclinic-2.3.1.BUILD-SNAPSHOT'
03-Aug-2020 19:51:11.999 INFO [http-nio-7070-exec-28] org.apache.catalina.core.ApplicationContext.log HTMLManager: list: Listing contexts for virtual host 'localhost'
03-Aug-2020 19:52:05.967 INFO [http-nio-7070-exec-30] org.apache.catalina.core.ApplicationContext.log Manager: list: Listing contexts for virtual host 'localhost'
03-Aug-2020 19:52:05.971 INFO [http-nio-7070-exec-33] org.apache.catalina.core.ApplicationContext.log Manager: deploy: Deploying web application '/petclinic3'
03-Aug-2020 19:52:05.971 INFO [http-nio-7070-exec-33] org.apache.catalina.core.ApplicationContext.log Manager: Uploading WAR file to C:\Users\ashwapan\Downloads\devops\apache-tomcat-9.0.29\webapps\petclinic3.war
03-Aug-2020 19:54:20.439 INFO [http-nio-7070-exec-39] org.apache.catalina.core.ApplicationContext.log HTMLManager: undeploy: Undeploying web application at '/spring-petclinic-2.3.1.BUILD-SNAPSHOT'
03-Aug-2020 19:54:20.439 INFO [http-nio-7070-exec-39] org.apache.catalina.core.ApplicationContext.log HTMLManager: list: Listing contexts for virtual host 'localhost'
03-Aug-2020 19:59:04.048 INFO [http-nio-7070-exec-6] org.apache.catalina.core.ApplicationContext.log HTMLManager: init: Associated with Deployer 'Catalina:type=Deployer,host=localhost'
03-Aug-2020 19:59:04.049 INFO [http-nio-7070-exec-6] org.apache.catalina.core.ApplicationContext.log HTMLManager: init: Global resources are available
03-Aug-2020 19:59:04.059 INFO [http-nio-7070-exec-6] org.apache.catalina.core.ApplicationContext.log HTMLManager: undeploy: Undeploying web application at '/spring-petclinic-2.3.1.BUILD-SNAPSHOT'
03-Aug-2020 19:59:04.060 INFO [http-nio-7070-exec-6] org.apache.catalina.core.ApplicationContext.log HTMLManager: list: Listing contexts for virtual host 'localhost'
03-Aug-2020 19:59:07.835 INFO [http-nio-7070-exec-3] org.apache.catalina.core.ApplicationContext.log HTMLManager: list: Listing contexts for virtual host 'localhost'
03-Aug-2020 20:01:06.148 INFO [http-nio-7070-exec-8] org.apache.catalina.core.ApplicationContext.log Manager: init: Associated with Deployer 'Catalina:type=Deployer,host=localhost'
03-Aug-2020 20:01:06.148 INFO [http-nio-7070-exec-8] org.apache.catalina.core.ApplicationContext.log Manager: init: Global resources are available
03-Aug-2020 20:01:06.148 INFO [http-nio-7070-exec-8] org.apache.catalina.core.ApplicationContext.log Manager: list: Listing contexts for virtual host 'localhost'
03-Aug-2020 20:01:06.153 INFO [http-nio-7070-exec-7] org.apache.catalina.core.ApplicationContext.log Manager: deploy: Deploying web application '/petclinic'
03-Aug-2020 20:01:06.153 INFO [http-nio-7070-exec-7] org.apache.catalina.core.ApplicationContext.log Manager: Uploading WAR file to C:\Users\ashwapan\Downloads\devops\apache-tomcat-9.0.29\webapps\petclinic.war
03-Aug-2020 20:07:32.801 INFO [http-nio-7070-exec-11] org.apache.catalina.core.ApplicationContext.log Manager: list: Listing contexts for virtual host 'localhost'
03-Aug-2020 20:07:32.806 INFO [http-nio-7070-exec-11] org.apache.catalina.core.ApplicationContext.log Manager: list: Listing contexts for virtual host 'localhost'
03-Aug-2020 20:07:32.810 INFO [http-nio-7070-exec-12] org.apache.catalina.core.ApplicationContext.log Manager: undeploy: Undeploying web application at '/petclinic'
03-Aug-2020 20:08:09.595 INFO [http-nio-7070-exec-14] org.apache.catalina.core.ApplicationContext.log HTMLManager: undeploy: Undeploying web application at '/spring-petclinic-2.3.1.BUILD-SNAPSHOT'
03-Aug-2020 20:08:09.595 INFO [http-nio-7070-exec-14] org.apache.catalina.core.ApplicationContext.log HTMLManager: list: Listing contexts for virtual host 'localhost'
03-Aug-2020 20:10:40.154 INFO [http-nio-7070-exec-14] org.apache.catalina.core.ApplicationContext.log Manager: list: Listing contexts for virtual host 'localhost'
03-Aug-2020 20:10:40.157 INFO [http-nio-7070-exec-15] org.apache.catalina.core.ApplicationContext.log Manager: list: Listing contexts for virtual host 'localhost'
03-Aug-2020 20:10:40.160 INFO [http-nio-7070-exec-17] org.apache.catalina.core.ApplicationContext.log Manager: undeploy: Undeploying web application at '/petclinic'
03-Aug-2020 20:12:28.064 INFO [http-nio-7070-exec-21] org.apache.catalina.core.ApplicationContext.log Manager: list: Listing contexts for virtual host 'localhost'
03-Aug-2020 20:12:28.068 INFO [http-nio-7070-exec-22] org.apache.catalina.core.ApplicationContext.log Manager: list: Listing contexts for virtual host 'localhost'
03-Aug-2020 20:12:28.072 INFO [http-nio-7070-exec-18] org.apache.catalina.core.ApplicationContext.log Manager: undeploy: Undeploying web application at '/petclinic'
03-Aug-2020 20:12:28.613 INFO [http-nio-7070-exec-16] org.apache.catalina.core.ApplicationContext.log Manager: deploy: Deploying web application '/petclinic'
03-Aug-2020 20:12:28.614 INFO [http-nio-7070-exec-16] org.apache.catalina.core.ApplicationContext.log Manager: Uploading WAR file to C:\Users\ashwapan\Downloads\devops\apache-tomcat-9.0.29\webapps\petclinic.war
