04-Aug-2020 13:57:05.764 INFO [http-nio-7070-exec-30] org.apache.catalina.core.ApplicationContext.log HTMLManager: list: Listing contexts for virtual host 'localhost'
04-Aug-2020 13:57:14.959 INFO [http-nio-7070-exec-33] org.apache.catalina.core.ApplicationContext.log HTMLManager: start: Starting web application '/petclinic'
04-Aug-2020 13:57:27.603 INFO [http-nio-7070-exec-33] org.apache.catalina.core.ApplicationContext.log HTMLManager: list: Listing contexts for virtual host 'localhost'
04-Aug-2020 14:08:55.738 INFO [http-nio-7070-exec-1] org.apache.catalina.core.ApplicationContext.log HTMLManager: init: Associated with Deployer 'Catalina:type=Deployer,host=localhost'
04-Aug-2020 14:08:55.739 INFO [http-nio-7070-exec-1] org.apache.catalina.core.ApplicationContext.log HTMLManager: init: Global resources are available
04-Aug-2020 14:08:55.754 INFO [http-nio-7070-exec-1] org.apache.catalina.core.ApplicationContext.log HTMLManager: start: Starting web application '/petclinic'
04-Aug-2020 14:09:09.526 INFO [http-nio-7070-exec-1] org.apache.catalina.core.ApplicationContext.log HTMLManager: list: Listing contexts for virtual host 'localhost'
04-Aug-2020 14:16:24.148 INFO [http-nio-7070-exec-5] org.apache.catalina.core.ApplicationContext.log HTMLManager: init: Associated with Deployer 'Catalina:type=Deployer,host=localhost'
04-Aug-2020 14:16:24.149 INFO [http-nio-7070-exec-5] org.apache.catalina.core.ApplicationContext.log HTMLManager: init: Global resources are available
04-Aug-2020 14:16:24.151 INFO [http-nio-7070-exec-5] org.apache.catalina.core.ApplicationContext.log HTMLManager: list: Listing contexts for virtual host 'localhost'
04-Aug-2020 14:28:14.800 INFO [http-nio-7070-exec-6] org.apache.catalina.core.ApplicationContext.log HTMLManager: init: Associated with Deployer 'Catalina:type=Deployer,host=localhost'
04-Aug-2020 14:28:14.801 INFO [http-nio-7070-exec-6] org.apache.catalina.core.ApplicationContext.log HTMLManager: init: Global resources are available
04-Aug-2020 14:28:14.803 INFO [http-nio-7070-exec-6] org.apache.catalina.core.ApplicationContext.log HTMLManager: list: Listing contexts for virtual host 'localhost'
04-Aug-2020 14:28:19.037 INFO [http-nio-7070-exec-8] org.apache.catalina.core.ApplicationContext.log HTMLManager: list: Listing contexts for virtual host 'localhost'
04-Aug-2020 14:36:04.049 INFO [http-nio-7070-exec-3] org.apache.catalina.core.ApplicationContext.log HTMLManager: init: Associated with Deployer 'Catalina:type=Deployer,host=localhost'
04-Aug-2020 14:36:04.049 INFO [http-nio-7070-exec-3] org.apache.catalina.core.ApplicationContext.log HTMLManager: init: Global resources are available
04-Aug-2020 14:36:04.053 INFO [http-nio-7070-exec-3] org.apache.catalina.core.ApplicationContext.log HTMLManager: list: Listing contexts for virtual host 'localhost'
04-Aug-2020 14:36:45.132 INFO [http-nio-7070-exec-15] org.apache.catalina.core.ApplicationContext.log HTMLManager: stop: Stopping web application '/petclinic'
04-Aug-2020 14:36:45.157 INFO [http-nio-7070-exec-15] org.apache.catalina.core.ApplicationContext.log HTMLManager: list: Listing contexts for virtual host 'localhost'
04-Aug-2020 14:36:51.966 INFO [http-nio-7070-exec-17] org.apache.catalina.core.ApplicationContext.log HTMLManager: start: Starting web application '/petclinic'
04-Aug-2020 14:36:52.023 INFO [http-nio-7070-exec-17] org.apache.catalina.core.ApplicationContext.log HTMLManager: list: Listing contexts for virtual host 'localhost'
04-Aug-2020 14:38:50.494 INFO [http-nio-7070-exec-20] org.apache.catalina.core.ApplicationContext.log HTMLManager: start: Starting web application '/petclinic'
04-Aug-2020 14:39:02.674 INFO [http-nio-7070-exec-20] org.apache.catalina.core.ApplicationContext.log HTMLManager: list: Listing contexts for virtual host 'localhost'
04-Aug-2020 14:39:06.887 INFO [http-nio-7070-exec-21] org.apache.catalina.core.ApplicationContext.log HTMLManager: start: Starting web application '/petclinic'
04-Aug-2020 14:39:18.479 INFO [http-nio-7070-exec-21] org.apache.catalina.core.ApplicationContext.log HTMLManager: list: Listing contexts for virtual host 'localhost'
04-Aug-2020 14:44:54.363 INFO [http-nio-7070-exec-3] org.apache.catalina.core.ApplicationContext.log HTMLManager: init: Associated with Deployer 'Catalina:type=Deployer,host=localhost'
04-Aug-2020 14:44:54.363 INFO [http-nio-7070-exec-3] org.apache.catalina.core.ApplicationContext.log HTMLManager: init: Global resources are available
04-Aug-2020 14:44:54.371 INFO [http-nio-7070-exec-3] org.apache.catalina.core.ApplicationContext.log HTMLManager: list: Listing contexts for virtual host 'localhost'
04-Aug-2020 14:45:00.467 INFO [http-nio-7070-exec-9] org.apache.catalina.core.ApplicationContext.log HTMLManager: start: Starting web application '/petclinic'
04-Aug-2020 14:45:12.758 INFO [http-nio-7070-exec-9] org.apache.catalina.core.ApplicationContext.log HTMLManager: list: Listing contexts for virtual host 'localhost'
04-Aug-2020 15:02:05.128 INFO [http-nio-7070-exec-13] org.apache.catalina.core.ApplicationContext.log HTMLManager: undeploy: Undeploying web application at '/petclinic'
04-Aug-2020 15:02:05.542 INFO [http-nio-7070-exec-13] org.apache.catalina.core.ApplicationContext.log HTMLManager: list: Listing contexts for virtual host 'localhost'
04-Aug-2020 15:02:16.822 INFO [http-nio-7070-exec-16] org.apache.catalina.core.ApplicationContext.log HTMLManager: undeploy: Undeploying web application at '/petclinic'
04-Aug-2020 15:02:16.864 INFO [http-nio-7070-exec-16] org.apache.catalina.core.ApplicationContext.log HTMLManager: list: Listing contexts for virtual host 'localhost'
04-Aug-2020 15:07:17.366 INFO [http-nio-7070-exec-23] org.apache.catalina.core.ApplicationContext.log HTMLManager: start: Starting web application '/petclinic'
04-Aug-2020 15:07:17.420 INFO [http-nio-7070-exec-23] org.apache.catalina.core.ApplicationContext.log HTMLManager: list: Listing contexts for virtual host 'localhost'
04-Aug-2020 15:23:58.267 INFO [http-nio-7070-exec-34] org.apache.catalina.core.ApplicationContext.log HTMLManager: start: Starting web application '/petclinic'
04-Aug-2020 15:24:10.271 INFO [http-nio-7070-exec-34] org.apache.catalina.core.ApplicationContext.log HTMLManager: list: Listing contexts for virtual host 'localhost'
04-Aug-2020 15:24:14.423 INFO [http-nio-7070-exec-33] org.apache.catalina.core.ApplicationContext.log HTMLManager: start: Starting web application '/petclinic'
04-Aug-2020 15:24:26.226 INFO [http-nio-7070-exec-33] org.apache.catalina.core.ApplicationContext.log HTMLManager: list: Listing contexts for virtual host 'localhost'
04-Aug-2020 15:24:52.584 INFO [http-nio-7070-exec-23] org.apache.catalina.core.ApplicationContext.log HTMLManager: start: Starting web application '/petclinic'
04-Aug-2020 15:25:04.115 INFO [http-nio-7070-exec-23] org.apache.catalina.core.ApplicationContext.log HTMLManager: list: Listing contexts for virtual host 'localhost'
04-Aug-2020 15:27:07.266 INFO [http-nio-7070-exec-44] org.apache.catalina.core.ApplicationContext.log HTMLManager: start: Starting web application '/petclinic'
04-Aug-2020 15:27:19.256 INFO [http-nio-7070-exec-44] org.apache.catalina.core.ApplicationContext.log HTMLManager: list: Listing contexts for virtual host 'localhost'
04-Aug-2020 15:51:29.650 INFO [http-nio-7070-exec-9] org.apache.catalina.core.ApplicationContext.log HTMLManager: init: Associated with Deployer 'Catalina:type=Deployer,host=localhost'
04-Aug-2020 15:51:29.651 INFO [http-nio-7070-exec-9] org.apache.catalina.core.ApplicationContext.log HTMLManager: init: Global resources are available
04-Aug-2020 15:51:29.671 INFO [http-nio-7070-exec-9] org.apache.catalina.core.ApplicationContext.log HTMLManager: start: Starting web application '/petclinic'
04-Aug-2020 15:51:43.489 INFO [http-nio-7070-exec-9] org.apache.catalina.core.ApplicationContext.log HTMLManager: list: Listing contexts for virtual host 'localhost'
04-Aug-2020 15:51:51.926 INFO [http-nio-7070-exec-8] org.apache.catalina.core.ApplicationContext.log HTMLManager: list: Listing contexts for virtual host 'localhost'
04-Aug-2020 15:52:43.178 INFO [http-nio-7070-exec-5] org.apache.catalina.core.ApplicationContext.log HTMLManager: start: Starting web application '/petclinic'
04-Aug-2020 15:53:00.719 INFO [http-nio-7070-exec-5] org.apache.catalina.core.ApplicationContext.log HTMLManager: list: Listing contexts for virtual host 'localhost'
04-Aug-2020 15:55:35.486 INFO [http-nio-7070-exec-18] org.apache.catalina.core.ApplicationContext.log HTMLManager: start: Starting web application '/petclinic'
04-Aug-2020 15:55:43.617 INFO [http-nio-7070-exec-14] org.apache.catalina.core.ApplicationContext.log HTMLManager: list: Listing contexts for virtual host 'localhost'
04-Aug-2020 15:55:50.064 INFO [http-nio-7070-exec-21] org.apache.catalina.core.ApplicationContext.log HTMLManager: start: Starting web application '/petclinic'
04-Aug-2020 15:55:53.566 INFO [http-nio-7070-exec-18] org.apache.catalina.core.ApplicationContext.log HTMLManager: list: Listing contexts for virtual host 'localhost'
04-Aug-2020 15:56:11.206 INFO [http-nio-7070-exec-21] org.apache.catalina.core.ApplicationContext.log HTMLManager: list: Listing contexts for virtual host 'localhost'
04-Aug-2020 16:17:35.392 INFO [http-nio-7070-exec-35] org.apache.catalina.core.ApplicationContext.log HTMLManager: list: Listing contexts for virtual host 'localhost'
04-Aug-2020 16:17:45.052 INFO [http-nio-7070-exec-30] org.apache.catalina.core.ApplicationContext.log HTMLManager: start: Starting web application '/petclinic'
04-Aug-2020 16:18:05.086 INFO [http-nio-7070-exec-30] org.apache.catalina.core.ApplicationContext.log HTMLManager: list: Listing contexts for virtual host 'localhost'
04-Aug-2020 16:38:00.175 INFO [http-nio-7070-exec-3] org.apache.catalina.core.ApplicationContext.log HTMLManager: init: Associated with Deployer 'Catalina:type=Deployer,host=localhost'
04-Aug-2020 16:38:00.176 INFO [http-nio-7070-exec-3] org.apache.catalina.core.ApplicationContext.log HTMLManager: init: Global resources are available
04-Aug-2020 16:38:00.185 INFO [http-nio-7070-exec-3] org.apache.catalina.core.ApplicationContext.log HTMLManager: list: Listing contexts for virtual host 'localhost'
04-Aug-2020 16:44:20.129 INFO [http-nio-7070-exec-2] org.apache.catalina.core.ApplicationContext.log HTMLManager: init: Associated with Deployer 'Catalina:type=Deployer,host=localhost'
04-Aug-2020 16:44:20.130 INFO [http-nio-7070-exec-2] org.apache.catalina.core.ApplicationContext.log HTMLManager: init: Global resources are available
04-Aug-2020 16:44:20.140 INFO [http-nio-7070-exec-2] org.apache.catalina.core.ApplicationContext.log HTMLManager: list: Listing contexts for virtual host 'localhost'
04-Aug-2020 16:48:40.757 INFO [http-nio-7070-exec-2] org.apache.catalina.core.ApplicationContext.log HTMLManager: init: Associated with Deployer 'Catalina:type=Deployer,host=localhost'
04-Aug-2020 16:48:40.757 INFO [http-nio-7070-exec-2] org.apache.catalina.core.ApplicationContext.log HTMLManager: init: Global resources are available
04-Aug-2020 16:48:40.764 INFO [http-nio-7070-exec-2] org.apache.catalina.core.ApplicationContext.log HTMLManager: list: Listing contexts for virtual host 'localhost'
04-Aug-2020 17:07:22.312 INFO [http-nio-7070-exec-2] org.apache.catalina.core.ApplicationContext.log HTMLManager: init: Associated with Deployer 'Catalina:type=Deployer,host=localhost'
04-Aug-2020 17:07:22.312 INFO [http-nio-7070-exec-2] org.apache.catalina.core.ApplicationContext.log HTMLManager: init: Global resources are available
04-Aug-2020 17:07:22.326 INFO [http-nio-7070-exec-2] org.apache.catalina.core.ApplicationContext.log HTMLManager: list: Listing contexts for virtual host 'localhost'
04-Aug-2020 17:25:28.217 INFO [http-nio-7070-exec-2] org.apache.catalina.core.ApplicationContext.log HTMLManager: init: Associated with Deployer 'Catalina:type=Deployer,host=localhost'
04-Aug-2020 17:25:28.219 INFO [http-nio-7070-exec-2] org.apache.catalina.core.ApplicationContext.log HTMLManager: init: Global resources are available
04-Aug-2020 17:25:28.244 INFO [http-nio-7070-exec-2] org.apache.catalina.core.ApplicationContext.log HTMLManager: list: Listing contexts for virtual host 'localhost'
04-Aug-2020 18:40:06.825 INFO [http-nio-7070-exec-3] org.apache.catalina.core.ApplicationContext.log HTMLManager: init: Associated with Deployer 'Catalina:type=Deployer,host=localhost'
04-Aug-2020 18:40:06.826 INFO [http-nio-7070-exec-3] org.apache.catalina.core.ApplicationContext.log HTMLManager: init: Global resources are available
04-Aug-2020 18:40:06.838 INFO [http-nio-7070-exec-3] org.apache.catalina.core.ApplicationContext.log HTMLManager: list: Listing contexts for virtual host 'localhost'
04-Aug-2020 18:57:06.791 INFO [http-nio-7070-exec-2] org.apache.catalina.core.ApplicationContext.log HTMLManager: init: Associated with Deployer 'Catalina:type=Deployer,host=localhost'
04-Aug-2020 18:57:06.791 INFO [http-nio-7070-exec-2] org.apache.catalina.core.ApplicationContext.log HTMLManager: init: Global resources are available
04-Aug-2020 18:57:06.806 INFO [http-nio-7070-exec-2] org.apache.catalina.core.ApplicationContext.log HTMLManager: list: Listing contexts for virtual host 'localhost'
04-Aug-2020 18:59:37.411 INFO [http-nio-7070-exec-3] org.apache.catalina.core.ApplicationContext.log HTMLManager: init: Associated with Deployer 'Catalina:type=Deployer,host=localhost'
04-Aug-2020 18:59:37.411 INFO [http-nio-7070-exec-3] org.apache.catalina.core.ApplicationContext.log HTMLManager: init: Global resources are available
04-Aug-2020 18:59:37.423 INFO [http-nio-7070-exec-3] org.apache.catalina.core.ApplicationContext.log HTMLManager: list: Listing contexts for virtual host 'localhost'
04-Aug-2020 19:04:45.738 INFO [http-nio-7070-exec-3] org.apache.catalina.core.ApplicationContext.log HTMLManager: init: Associated with Deployer 'Catalina:type=Deployer,host=localhost'
04-Aug-2020 19:04:45.739 INFO [http-nio-7070-exec-3] org.apache.catalina.core.ApplicationContext.log HTMLManager: init: Global resources are available
04-Aug-2020 19:04:45.757 INFO [http-nio-7070-exec-3] org.apache.catalina.core.ApplicationContext.log HTMLManager: list: Listing contexts for virtual host 'localhost'
